<?xml version="1.0" encoding="UTF-8"?>
<testsuite xmlns:xsi="http://www.w3.org/2001/XMLSchema-instance" xsi:noNamespaceSchemaLocation="https://maven.apache.org/surefire/maven-surefire-plugin/xsd/surefire-test-report-3.0.xsd" version="3.0" name="com.gcu.cloudexample.CloudexampleApplicationTests" time="1.878" tests="1" errors="0" skipped="0" failures="0">
  <properties>
[...]
</properties>
  <testcase name="contextLoads" classname="com.gcu.cloudexample.CloudexampleApplicationTests" time="0.449">
    <system-out><![CDATA[2024-11-18 11:17:20.239 [main] INFO  o.s.t.c.s.AnnotationConfigContextLoaderUtils - Could not detect default configuration classes for test class [com.gcu.cloudexample.CloudexampleApplicationTests]: CloudexampleApplicationTests does not declare any static, non-private, non-final, nested classes annotated with @Configuration.
2024-11-18 11:17:20.287 [main] INFO  o.s.b.t.c.SpringBootTestContextBootstrapper - Found @SpringBootConfiguration com.gcu.cloudexample.CloudexampleApplication for test class com.gcu.cloudexample.CloudexampleApplicationTests
2024-11-18 11:17:20.354 [main] INFO  o.s.b.d.r.RestartApplicationListener - Restart disabled due to context in which it is running

  .   ____          _            __ _ _
 /\\ / ___'_ __ _ _(_)_ __  __ _ \ \ \ \
( ( )\___ | '_ | '_| | '_ \/ _` | \ \ \ \
 \\/  ___)| |_)| | | | | || (_| |  ) ) ) )
  '  |____| .__|_| |_|_| |_\__, | / / / /
 =========|_|==============|___/=/_/_/_/

 :: Spring Boot ::                (v3.3.4)

2024-11-18 11:17:20.456 [main] INFO  c.g.c.CloudexampleApplicationTests - Starting CloudexampleApplicationTests using Java 21.0.1 with PID 99523 (started by rolandomarin in /Users/rolandomarin/Desktop/CloudComputing)
2024-11-18 11:17:20.456 [main] DEBUG c.g.c.CloudexampleApplicationTests - Running with Spring Boot v3.3.4, Spring v6.1.13
2024-11-18 11:17:20.457 [main] INFO  c.g.c.CloudexampleApplicationTests - No active profile set, falling back to 1 default profile: "default"
2024-11-18 11:17:21.206 [main] INFO  o.s.b.a.w.s.WelcomePageHandlerMapping - Adding welcome page template: index
2024-11-18 11:17:21.520 [main] INFO  c.g.c.CloudexampleApplicationTests - Started CloudexampleApplicationTests in 1.17 seconds (process running for 1.647)
]]></system-out>
    <system-err><![CDATA[SLF4J(I): Connected with provider of type [ch.qos.logback.classic.spi.LogbackServiceProvider]
WARNING: A Java agent has been loaded dynamically (/Users/rolandomarin/.m2/repository/net/bytebuddy/byte-buddy-agent/1.14.19/byte-buddy-agent-1.14.19.jar)
WARNING: If a serviceability tool is in use, please run with -XX:+EnableDynamicAgentLoading to hide this warning
WARNING: If a serviceability tool is not in use, please run with -Djdk.instrument.traceUsage for more information
WARNING: Dynamic loading of agents will be disallowed by default in a future release
]]></system-err>
  </testcase>
</testsuite>